  FinalParticleFilter.cpp
C:\Users\ttc\Documents\MohdSweity\IS\final particle filter implementation\final particle filter implementation\FinalParticleFilter.cpp(87,12): warning C4244: 'argument': conversion from 'time_t' to 'unsigned int', possible loss of data
C:\Users\ttc\Documents\MohdSweity\IS\final particle filter implementation\final particle filter implementation\FinalParticleFilter.cpp(90,19): warning C4244: '=': conversion from 'int' to 'float', possible loss of data
C:\Users\ttc\Documents\MohdSweity\IS\final particle filter implementation\final particle filter implementation\FinalParticleFilter.cpp(91,19): warning C4244: '=': conversion from 'int' to 'float', possible loss of data
C:\Users\ttc\Documents\MohdSweity\IS\final particle filter implementation\final particle filter implementation\FinalParticleFilter.cpp(92,23): warning C4244: '=': conversion from 'int' to 'float', possible loss of data
C:\Users\ttc\Documents\MohdSweity\IS\final particle filter implementation\final particle filter implementation\FinalParticleFilter.cpp(93,16): warning C4305: '=': truncation from 'double' to 'float'
C:\Users\ttc\Documents\MohdSweity\IS\final particle filter implementation\final particle filter implementation\FinalParticleFilter.cpp(102,12): warning C4244: 'initializing': conversion from 'double' to 'float', possible loss of data
C:\Users\ttc\Documents\MohdSweity\IS\final particle filter implementation\final particle filter implementation\FinalParticleFilter.cpp(123,11): warning C4244: '=': conversion from 'float' to 'int', possible loss of data
C:\Users\ttc\Documents\MohdSweity\IS\final particle filter implementation\final particle filter implementation\FinalParticleFilter.cpp(124,11): warning C4244: '=': conversion from 'float' to 'int', possible loss of data
C:\Users\ttc\Documents\MohdSweity\IS\final particle filter implementation\final particle filter implementation\FinalParticleFilter.cpp(128,16): warning C4305: '=': truncation from 'double' to 'float'
C:\Users\ttc\Documents\MohdSweity\IS\final particle filter implementation\final particle filter implementation\FinalParticleFilter.cpp(132,16): warning C4305: '=': truncation from 'double' to 'float'
C:\Users\ttc\Documents\MohdSweity\IS\final particle filter implementation\final particle filter implementation\FinalParticleFilter.cpp(136,16): warning C4305: '=': truncation from 'double' to 'float'
C:\Users\ttc\Documents\MohdSweity\IS\final particle filter implementation\final particle filter implementation\FinalParticleFilter.cpp(140,16): warning C4305: '=': truncation from 'double' to 'float'
C:\Users\ttc\Documents\MohdSweity\IS\final particle filter implementation\final particle filter implementation\FinalParticleFilter.cpp(153,20): warning C4244: '=': conversion from 'double' to 'float', possible loss of data
C:\Users\ttc\Documents\MohdSweity\IS\final particle filter implementation\final particle filter implementation\FinalParticleFilter.cpp(154,20): warning C4244: '=': conversion from 'double' to 'float', possible loss of data
C:\Users\ttc\Documents\MohdSweity\IS\final particle filter implementation\final particle filter implementation\FinalParticleFilter.cpp(157,21): warning C4244: '=': conversion from 'int' to 'float', possible loss of data
C:\Users\ttc\Documents\MohdSweity\IS\final particle filter implementation\final particle filter implementation\FinalParticleFilter.cpp(161,21): warning C4244: '=': conversion from 'int' to 'float', possible loss of data
C:\Users\ttc\Documents\MohdSweity\IS\final particle filter implementation\final particle filter implementation\FinalParticleFilter.cpp(228,22): warning C4244: '+=': conversion from 'double' to 'float', possible loss of data
C:\Users\ttc\Documents\MohdSweity\IS\final particle filter implementation\final particle filter implementation\FinalParticleFilter.cpp(229,22): warning C4244: '+=': conversion from 'double' to 'float', possible loss of data
C:\Users\ttc\Documents\MohdSweity\IS\final particle filter implementation\final particle filter implementation\FinalParticleFilter.cpp(249,9): warning C4244: 'initializing': conversion from 'float' to 'int', possible loss of data
C:\Users\ttc\Documents\MohdSweity\IS\final particle filter implementation\final particle filter implementation\FinalParticleFilter.cpp(250,9): warning C4244: 'initializing': conversion from 'float' to 'int', possible loss of data
  final particle filter implementation.vcxproj -> C:\Users\ttc\Documents\MohdSweity\IS\final particle filter implementation\x64\Debug\final particle filter implementation.exe
